

 >> R  2    R e s i s t i v i t y   I n v e r s i o n   v4.11 <<

 >> D a t e : 28 - 10 - 2024
 >> Inverse model                                                                   
 >> I n v e r s e   S o l u t i o n   S e l e c t e d <<
 >> R e g u l a r i s e d   T y p e <<
 >>   L i n e a r    F i l t e r    <<
 >> L o g - D a t a   I n v e r s i o n <<
 >> N o r m a l   R e g u l a r i s a t i o n <<
 >> D a t a   w e i g h t s   w i l l   b e  m o d i f i e d <<
 >> D a t a   w e i g h t   t o   b e   r e a d   f r o m   d a t a   f i l e <<


 Processing dataset   1


 Measurements read:  1093     Measurements rejected:     0
   Geometric mean of apparent resistivities:  0.50259E+03

 >> Total Memory required is:          0.038 Gb

   Iteration   1
     Initial RMS Misfit:       134.58       Number of data ignored:     0
     Alpha:        7861.386   RMS Misfit:       28.02  Roughness:       71.927
     Alpha:        3648.932   RMS Misfit:       27.51  Roughness:      109.312
     Alpha:        1693.684   RMS Misfit:       29.09  Roughness:      162.195
     Step length set to   1.00000
     Final RMS Misfit:       27.51
     Updated data weights

   Iteration   2
     Initial RMS Misfit:        20.08       Number of data ignored:     0
     Alpha:        2524.304   RMS Misfit:       13.58  Roughness:       91.024
     Alpha:        1171.678   RMS Misfit:       11.26  Roughness:      123.480
     Alpha:         543.845   RMS Misfit:        9.80  Roughness:      169.911
     Alpha:         252.430   RMS Misfit:       10.51  Roughness:      240.264
     Step length set to   1.00000
     Final RMS Misfit:        9.80
     Updated data weights

   Iteration   3
     Initial RMS Misfit:         6.19       Number of data ignored:     0
     Alpha:         331.238   RMS Misfit:        5.78  Roughness:      162.042
     Alpha:         153.747   RMS Misfit:        4.90  Roughness:      204.621
     Alpha:          71.363   RMS Misfit:        4.60  Roughness:      256.477
     Alpha:          33.124   RMS Misfit:        5.46  Roughness:      322.024
     Step length set to   1.00000
     Final RMS Misfit:        4.60
     Updated data weights

   Iteration   4
     Initial RMS Misfit:         3.02       Number of data ignored:     0
     Alpha:          40.219   RMS Misfit:        2.90  Roughness:      258.944
     Alpha:          18.668   RMS Misfit:        2.76  Roughness:      306.834
     Alpha:           8.665   RMS Misfit:        4.31  Roughness:      369.924
     Step length set to   1.00000
     Final RMS Misfit:        2.76
     Updated data weights

   Iteration   5
     Initial RMS Misfit:         1.99       Number of data ignored:     0
     Alpha:          10.055   RMS Misfit:        2.34  Roughness:      321.465
     Alpha:           4.667   RMS Misfit:        2.86  Roughness:      375.951
     Step length set to   0.50000
     Final RMS Misfit:        1.82
     Updated data weights

   Iteration   6
     Initial RMS Misfit:         1.43       Number of data ignored:     0
     Alpha:           5.226   RMS Misfit:        1.10  Roughness:      348.616
     Alpha:           2.426   RMS Misfit:        1.32  Roughness:      407.431
     Step length set to   1.00000
     Final RMS Misfit:        1.10
     Attempted to update data weights and caused overshoot
     treating as converged

 Solution converged - Outputing results to file

 Calculating sensitivity map


 Processing dataset   2


 End of data:  Terminating


                     Timing Summary
                     ==============
     Total time taken:                                26. s
     Percent time taken forming element equations:    0.2 %
     Percent time taken solving forward  equations:  31.1 %
     Percent time taken forming Jacobian:             0.7 %
     Percent time taken solving inverse equations:   59.5 %
     Percent time taken calculating res. matrix:      0.0 %

                     Timing Details
                     ==============
     Number of calls to form element equations:       300
     Average time taken in call:                      0.0 s
     Number of calls to solve forward equations:    38400
     Average time taken in call:                      0.0 s
     Number of calls to form Jacobian:                  6
     Average time taken in call:                      0.0 s
     Number of calls to solve inverse equations:       18
     Average time taken in call:                      0.9 s
     Number of calls to calculate res. matrix:          1
     Average time taken in call:                      0.0 s
