

 >> R  2    R e s i s t i v i t y   I n v e r s i o n   v4.11 <<

 >> D a t e : 28 - 10 - 2024
 >> Inverse model                                                                   
 >> I n v e r s e   S o l u t i o n   S e l e c t e d <<
 >> R e g u l a r i s e d   T y p e <<
 >>   L i n e a r    F i l t e r    <<
 >> L o g - D a t a   I n v e r s i o n <<
 >> J o i n t     R e g u l a r i s a t i o n <<
 >> D a t a   w e i g h t s   w i l l   b e  m o d i f i e d <<
 >> D a t a   w e i g h t   t o   b e   r e a d   f r o m   d a t a   f i l e <<


 Processing dataset   1


 Measurements read:  1072     Measurements rejected:     0
   Geometric mean of apparent resistivities:  0.49080E+03

 >> Total Memory required is:          0.038 Gb

   Iteration   1
     Initial RMS Misfit:       228.36       Number of data ignored:     0
     Alpha:       19187.041   RMS Misfit:       34.05  Roughness:     2688.951
     Alpha:        8905.835   RMS Misfit:       31.46  Roughness:     3671.093
     Alpha:        4133.723   RMS Misfit:       32.20  Roughness:     4672.725
     Step length set to   1.00000
     Final RMS Misfit:       31.46
     Updated data weights

   Iteration   2
     Initial RMS Misfit:        21.65       Number of data ignored:     0
     Alpha:        6013.583   RMS Misfit:       17.07  Roughness:     3498.757
     Alpha:        2791.258   RMS Misfit:       14.17  Roughness:     4095.580
     Alpha:        1295.587   RMS Misfit:       12.17  Roughness:     4578.262
     Alpha:         601.358   RMS Misfit:       10.81  Roughness:     5031.216
     Alpha:         279.126   RMS Misfit:       10.16  Roughness:     5497.711
     Alpha:         129.559   RMS Misfit:       10.56  Roughness:     5991.719
     Step length set to   1.00000
     Final RMS Misfit:       10.16
     Updated data weights

   Iteration   3
     Initial RMS Misfit:         7.17       Number of data ignored:     0
     Alpha:         169.187   RMS Misfit:        5.92  Roughness:     5291.389
     Alpha:          78.530   RMS Misfit:        5.17  Roughness:     5807.181
     Alpha:          36.450   RMS Misfit:        5.40  Roughness:     6271.966
     Step length set to   1.00000
     Final RMS Misfit:        5.17
     Updated data weights

   Iteration   4
     Initial RMS Misfit:         3.86       Number of data ignored:     0
     Alpha:          44.804   RMS Misfit:        3.56  Roughness:     5700.204
     Alpha:          20.796   RMS Misfit:        3.38  Roughness:     5957.588
     Alpha:           9.653   RMS Misfit:        3.94  Roughness:     6150.479
     Step length set to   1.00000
     Final RMS Misfit:        3.38
     Updated data weights

   Iteration   5
     Initial RMS Misfit:         2.58       Number of data ignored:     0
     Alpha:          11.407   RMS Misfit:        3.16  Roughness:     5761.837
     Alpha:           5.295   RMS Misfit:        3.40  Roughness:     5906.305
     Step length set to   0.50000
     Final RMS Misfit:        2.46
     Updated data weights

   Iteration   6
     Initial RMS Misfit:         1.96       Number of data ignored:     0
     Alpha:           6.090   RMS Misfit:        1.83  Roughness:     5581.886
     Alpha:           2.827   RMS Misfit:        2.09  Roughness:     5643.048
     Step length set to   1.00000
     Final RMS Misfit:        1.83
     Updated data weights

   Iteration   7
     Initial RMS Misfit:         1.41       Number of data ignored:     0
     Alpha:           3.149   RMS Misfit:        1.66  Roughness:     5275.756
     Alpha:           1.462   RMS Misfit:        1.78  Roughness:     5336.920
     Step length set to   0.25000
     Final RMS Misfit:        1.39
     Updated data weights

   Iteration   8
     Initial RMS Misfit:         1.15       Number of data ignored:     0
     Alpha:           1.596   RMS Misfit:        1.25  Roughness:     5116.631
     Alpha:           0.741   RMS Misfit:        1.64  Roughness:     5199.744
     Step length set to   0.50000
     Final RMS Misfit:        1.13
     Attempted to update data weights and caused overshoot
     treating as converged

 Solution converged - Outputing results to file

 Calculating sensitivity map


 Processing dataset   2


 End of data:  Terminating


                     Timing Summary
                     ==============
     Total time taken:                                33. s
     Percent time taken forming element equations:    0.3 %
     Percent time taken solving forward  equations:  33.9 %
     Percent time taken forming Jacobian:             0.7 %
     Percent time taken solving inverse equations:   56.4 %
     Percent time taken calculating res. matrix:      0.0 %

                     Timing Details
                     ==============
     Number of calls to form element equations:       420
     Average time taken in call:                      0.0 s
     Number of calls to solve forward equations:    53760
     Average time taken in call:                      0.0 s
     Number of calls to form Jacobian:                  8
     Average time taken in call:                      0.0 s
     Number of calls to solve inverse equations:       23
     Average time taken in call:                      0.8 s
     Number of calls to calculate res. matrix:          1
     Average time taken in call:                      0.0 s
