

 >> R  2    R e s i s t i v i t y   I n v e r s i o n   v4.11 <<

 >> D a t e : 16 - 10 - 2024
 >> Inverse model                                                                   
 >> I n v e r s e   S o l u t i o n   S e l e c t e d <<
 >> Reading start resistivity from start_res.dat                 
 >> R e g u l a r i s e d   T y p e <<
 >>   L i n e a r    F i l t e r    <<
 >> T r u e - D a t a   I n v e r s i o n <<
 >> D i f f e r e n c e    R e g u l a r i s a t i o n <<
 >> D a t a   w e i g h t s   w i l l   b e  m o d i f i e d <<


 Processing dataset   1


 Measurements read:  1048     Measurements rejected:     0
   Geometric mean of apparent resistivities:  0.47629E+03

 >> Total Memory required is:          0.037 Gb

   Iteration   1
     Initial RMS Misfit:        22.97       Number of data ignored:     0
     Alpha:        1608.317   RMS Misfit:       22.26  Roughness:        5.253
     Alpha:         746.515   RMS Misfit:       22.09  Roughness:       15.155
     Alpha:         346.501   RMS Misfit:       21.91  Roughness:       40.563
     Alpha:         160.832   RMS Misfit:       21.76  Roughness:      102.327
     Alpha:          74.651   RMS Misfit:       21.79  Roughness:      248.952
     Step length set to   1.00000
     Final RMS Misfit:       21.76
     Updated data weights

   Iteration   2
     Initial RMS Misfit:         4.89       Number of data ignored:     0
     Alpha:         105.199   RMS Misfit:        3.76  Roughness:       16.209
     Alpha:          48.829   RMS Misfit:        3.63  Roughness:       32.948
     Alpha:          22.664   RMS Misfit:        3.54  Roughness:       62.269
     Alpha:          10.520   RMS Misfit:        3.48  Roughness:      112.448
     Alpha:           4.883   RMS Misfit:        3.52  Roughness:      203.670
     Step length set to   1.00000
     Final RMS Misfit:        3.48
     Updated data weights

   Iteration   3
     Initial RMS Misfit:         1.33       Number of data ignored:     0
     Alpha:           5.521   RMS Misfit:        1.16  Roughness:       65.321
     Alpha:           2.563   RMS Misfit:        1.09  Roughness:      103.050
     Alpha:           1.190   RMS Misfit:        1.08  Roughness:      167.281
     Alpha:           0.552   RMS Misfit:        1.35  Roughness:      294.787
     Step length set to   1.00000
     Final RMS Misfit:        1.08
     Attempted to update data weights and caused overshoot
     treating as converged

 Solution converged - Outputing results to file

 Calculating sensitivity map


 Processing dataset   2


 End of data:  Terminating


                     Timing Summary
                     ==============
     Total time taken:                                14. s
     Percent time taken forming element equations:    0.1 %
     Percent time taken solving forward  equations:  41.0 %
     Percent time taken forming Jacobian:             0.5 %
     Percent time taken solving inverse equations:   50.9 %
     Percent time taken calculating res. matrix:      0.0 %

                     Timing Details
                     ==============
     Number of calls to form element equations:       216
     Average time taken in call:                      0.0 s
     Number of calls to solve forward equations:    27648
     Average time taken in call:                      0.0 s
     Number of calls to form Jacobian:                  3
     Average time taken in call:                      0.0 s
     Number of calls to solve inverse equations:       14
     Average time taken in call:                      0.5 s
     Number of calls to calculate res. matrix:          1
     Average time taken in call:                      0.0 s
