

 >> R  2    R e s i s t i v i t y   I n v e r s i o n   v4.11 <<

 >> D a t e : 28 - 10 - 2024
 >> Inverse model                                                                   
 >> I n v e r s e   S o l u t i o n   S e l e c t e d <<
 >> R e g u l a r i s e d   T y p e <<
 >>   L i n e a r    F i l t e r    <<
 >> L o g - D a t a   I n v e r s i o n <<
 >> J o i n t     R e g u l a r i s a t i o n <<
 >> D a t a   w e i g h t s   w i l l   b e  m o d i f i e d <<
 >> D a t a   w e i g h t   t o   b e   r e a d   f r o m   d a t a   f i l e <<


 Processing dataset   1


 Measurements read:  1072     Measurements rejected:     0
   Geometric mean of apparent resistivities:  0.49080E+03

 >> Total Memory required is:          0.038 Gb

   Iteration   1
     Initial RMS Misfit:       228.36       Number of data ignored:     0
     Alpha:       19187.041   RMS Misfit:       32.63  Roughness:     1547.654
     Alpha:        8905.835   RMS Misfit:       31.42  Roughness:     2098.800
     Alpha:        4133.723   RMS Misfit:       33.20  Roughness:     2646.200
     Step length set to   1.00000
     Final RMS Misfit:       31.42
     Updated data weights

   Iteration   2
     Initial RMS Misfit:        22.08       Number of data ignored:     0
     Alpha:        6025.086   RMS Misfit:       15.82  Roughness:     1998.165
     Alpha:        2796.597   RMS Misfit:       13.23  Roughness:     2317.710
     Alpha:        1298.065   RMS Misfit:       11.40  Roughness:     2585.297
     Alpha:         602.509   RMS Misfit:       10.28  Roughness:     2843.688
     Alpha:         279.660   RMS Misfit:       10.11  Roughness:     3111.014
     Alpha:         129.807   RMS Misfit:       11.38  Roughness:     3399.877
     Step length set to   1.00000
     Final RMS Misfit:       10.11
     Updated data weights

   Iteration   3
     Initial RMS Misfit:         7.18       Number of data ignored:     0
     Alpha:         169.525   RMS Misfit:        5.52  Roughness:     3014.834
     Alpha:          78.686   RMS Misfit:        4.96  Roughness:     3294.943
     Alpha:          36.523   RMS Misfit:        5.54  Roughness:     3536.869
     Step length set to   1.00000
     Final RMS Misfit:        4.96
     Updated data weights

   Iteration   4
     Initial RMS Misfit:         3.68       Number of data ignored:     0
     Alpha:          44.685   RMS Misfit:        3.54  Roughness:     3251.791
     Alpha:          20.741   RMS Misfit:        3.47  Roughness:     3373.270
     Alpha:           9.627   RMS Misfit:        4.25  Roughness:     3479.656
     Step length set to   1.00000
     Final RMS Misfit:        3.47
     Updated data weights

   Iteration   5
     Initial RMS Misfit:         2.62       Number of data ignored:     0
     Alpha:          11.395   RMS Misfit:        3.41  Roughness:     3291.221
     Alpha:           5.289   RMS Misfit:        3.96  Roughness:     3380.076
     Step length set to   0.50000
     Final RMS Misfit:        2.44
     Updated data weights

   Iteration   6
     Initial RMS Misfit:         1.94       Number of data ignored:     0
     Alpha:           6.078   RMS Misfit:        1.69  Roughness:     3236.519
     Alpha:           2.821   RMS Misfit:        2.14  Roughness:     3283.644
     Step length set to   1.00000
     Final RMS Misfit:        1.69
     Updated data weights

   Iteration   7
     Initial RMS Misfit:         1.28       Number of data ignored:     0
     Alpha:           3.113   RMS Misfit:        1.63  Roughness:     3075.665
     Alpha:           1.445   RMS Misfit:        1.85  Roughness:     3127.267
     Step length set to   0.25000
     Final RMS Misfit:        1.25
     Updated data weights

   Iteration   8
     Initial RMS Misfit:         1.02       Number of data ignored:     0
     Alpha:           1.559   RMS Misfit:        1.11  Roughness:     3022.382
     Alpha:           0.724   RMS Misfit:        1.62  Roughness:     3092.224
     Step length set to   0.50000
     Final RMS Misfit:        0.98
     Step length set to   0.10551
     Final RMS Misfit:        1.00

 Solution converged - Outputing results to file

 Calculating sensitivity map


 Processing dataset   2


 End of data:  Terminating


                     Timing Summary
                     ==============
     Total time taken:                                36. s
     Percent time taken forming element equations:    0.0 %
     Percent time taken solving forward  equations:  33.3 %
     Percent time taken forming Jacobian:             0.7 %
     Percent time taken solving inverse equations:   57.8 %
     Percent time taken calculating res. matrix:      0.0 %

                     Timing Details
                     ==============
     Number of calls to form element equations:       444
     Average time taken in call:                      0.0 s
     Number of calls to solve forward equations:    56832
     Average time taken in call:                      0.0 s
     Number of calls to form Jacobian:                  8
     Average time taken in call:                      0.0 s
     Number of calls to solve inverse equations:       23
     Average time taken in call:                      0.9 s
     Number of calls to calculate res. matrix:          1
     Average time taken in call:                      0.0 s
