

 >> R  2    R e s i s t i v i t y   I n v e r s i o n   v4.11 <<

 >> D a t e : 28 - 10 - 2024
 >> Inverse model                                                                   
 >> I n v e r s e   S o l u t i o n   S e l e c t e d <<
 >> R e g u l a r i s e d   T y p e <<
 >>   L i n e a r    F i l t e r    <<
 >> L o g - D a t a   I n v e r s i o n <<
 >> J o i n t     R e g u l a r i s a t i o n <<
 >> D a t a   w e i g h t s   w i l l   b e  m o d i f i e d <<
 >> D a t a   w e i g h t   t o   b e   r e a d   f r o m   d a t a   f i l e <<


 Processing dataset   1


 Measurements read:  1072     Measurements rejected:     0
   Geometric mean of apparent resistivities:  0.49080E+03

 >> Total Memory required is:          0.038 Gb

   Iteration   1
     Initial RMS Misfit:       228.36       Number of data ignored:     0
     Alpha:       19187.041   RMS Misfit:       32.63  Roughness:     1547.654
     Alpha:        8905.835   RMS Misfit:       31.42  Roughness:     2098.800
     Alpha:        4133.723   RMS Misfit:       33.20  Roughness:     2646.200
     Step length set to   1.00000
     Final RMS Misfit:       31.42
     Updated data weights

   Iteration   2
     Initial RMS Misfit:        22.08       Number of data ignored:     0
     Alpha:        6025.086   RMS Misfit:       15.82  Roughness:     1998.165
     Alpha:        2796.597   RMS Misfit:       13.23  Roughness:     2317.710
     Alpha:        1298.065   RMS Misfit:       11.40  Roughness:     2585.297
     Alpha:         602.509   RMS Misfit:       10.28  Roughness:     2843.688
     Alpha:         279.660   RMS Misfit:       10.11  Roughness:     3111.014
     Alpha:         129.807   RMS Misfit:       11.38  Roughness:     3399.877
     Step length set to   1.00000
     Final RMS Misfit:       10.11
     Updated data weights

   Iteration   3
     Initial RMS Misfit:         7.18       Number of data ignored:     0
     Alpha:         169.525   RMS Misfit:        5.52  Roughness:     3014.834
