

 >> R  2    R e s i s t i v i t y   I n v e r s i o n   v4.11 <<

 >> D a t e : 28 - 10 - 2024
 >> Inverse model                                                                   
 >> I n v e r s e   S o l u t i o n   S e l e c t e d <<
 >> Reading start resistivity from start_res.dat                 
 >> R e g u l a r i s e d   T y p e <<
 >>   L i n e a r    F i l t e r    <<
 >> L o g - D a t a   I n v e r s i o n <<
 >> J o i n t     R e g u l a r i s a t i o n <<
 >> D a t a   w e i g h t s   w i l l   b e  m o d i f i e d <<
 >> D a t a   w e i g h t   t o   b e   r e a d   f r o m   d a t a   f i l e <<


 Processing dataset   1


 Measurements read:  1082     Measurements rejected:     0
   Geometric mean of apparent resistivities:  0.49076E+03

 >> Total Memory required is:          0.038 Gb

   Iteration   1
     Initial RMS Misfit:        15.03       Number of data ignored:     0
     Alpha:       20016.942   RMS Misfit:       13.22  Roughness:       45.995
     Alpha:        9291.041   RMS Misfit:       12.67  Roughness:       90.295
     Alpha:        4312.519   RMS Misfit:       12.10  Roughness:      157.530
     Alpha:        2001.694   RMS Misfit:       11.61  Roughness:      235.870
     Alpha:         929.104   RMS Misfit:       11.24  Roughness:      311.789
     Alpha:         431.252   RMS Misfit:       11.04  Roughness:      386.161
     Alpha:         200.169   RMS Misfit:       11.14  Roughness:      476.629
     Step length set to   1.00000
     Final RMS Misfit:       11.04
     Updated data weights

   Iteration   2
     Initial RMS Misfit:         4.78       Number of data ignored:     0
     Alpha:         292.884   RMS Misfit:        4.38  Roughness:      262.600
     Alpha:         135.945   RMS Misfit:        4.13  Roughness:      316.425
     Alpha:          63.100   RMS Misfit:        3.94  Roughness:      374.858
     Alpha:          29.288   RMS Misfit:        3.85  Roughness:      455.483
     Alpha:          13.594   RMS Misfit:        4.19  Roughness:      586.140
     Step length set to   1.00000
     Final RMS Misfit:        3.85
     Updated data weights

   Iteration   3
     Initial RMS Misfit:         2.37       Number of data ignored:     0
     Alpha:          17.345   RMS Misfit:        2.23  Roughness:      362.792
     Alpha:           8.051   RMS Misfit:        2.13  Roughness:      423.165
     Alpha:           3.737   RMS Misfit:        2.15  Roughness:      514.488
     Step length set to   1.00000
     Final RMS Misfit:        2.13
     Updated data weights

   Iteration   4
     Initial RMS Misfit:         1.44       Number of data ignored:     0
     Alpha:           4.323   RMS Misfit:        1.48  Roughness:      364.674
     Alpha:           2.006   RMS Misfit:        1.44  Roughness:      423.774
     Alpha:           0.931   RMS Misfit:        1.45  Roughness:      490.709
     Step length set to   0.50000
     Final RMS Misfit:        1.38
     Updated data weights

   Iteration   5
     Initial RMS Misfit:         1.03       Number of data ignored:     0
     Alpha:           1.009   RMS Misfit:        1.08  Roughness:      383.113
     Alpha:           0.468   RMS Misfit:        1.18  Roughness:      425.491
     Step length set to   0.50000
     Final RMS Misfit:        1.00
     Step length set to   0.31614
     Final RMS Misfit:        1.00

 Solution converged - Outputing results to file

 Calculating sensitivity map


 Processing dataset   2


 End of data:  Terminating


                     Timing Summary
                     ==============
     Total time taken:                                26. s
     Percent time taken forming element equations:    0.2 %
     Percent time taken solving forward  equations:  35.7 %
     Percent time taken forming Jacobian:             0.6 %
     Percent time taken solving inverse equations:   56.4 %
     Percent time taken calculating res. matrix:      0.0 %

                     Timing Details
                     ==============
     Number of calls to form element equations:       348
     Average time taken in call:                      0.0 s
     Number of calls to solve forward equations:    44544
     Average time taken in call:                      0.0 s
     Number of calls to form Jacobian:                  5
     Average time taken in call:                      0.0 s
     Number of calls to solve inverse equations:       20
     Average time taken in call:                      0.7 s
     Number of calls to calculate res. matrix:          1
     Average time taken in call:                      0.0 s
